  main.cpp
C:\TU_DELFT\Q3_IN4152\SimpleOpenGLGame-master\OpenglGame\PhysicsEngine.hpp(36,17): warning C4244: '=': conversion from 'double' to 'int', possible loss of data
C:\TU_DELFT\Q3_IN4152\SimpleOpenGLGame-master\OpenglGame\PhysicsEngine.hpp(37,17): warning C4244: '=': conversion from 'double' to 'int', possible loss of data
C:\TU_DELFT\Q3_IN4152\SimpleOpenGLGame-master\OpenglGame\PhysicsEngine.hpp(38,17): warning C4244: '=': conversion from 'double' to 'int', possible loss of data
C:\TU_DELFT\Q3_IN4152\SimpleOpenGLGame-master\OpenglGame\PhysicsEngine.hpp(39,17): warning C4244: '=': conversion from 'double' to 'int', possible loss of data
C:\TU_DELFT\Q3_IN4152\SimpleOpenGLGame-master\OpenglGame\FPSCamera.hpp(58,38): warning C4305: 'initializing': truncation from 'double' to 'const float'
C:\TU_DELFT\Q3_IN4152\SimpleOpenGLGame-master\OpenglGame\Mesh.hpp(118,1): warning C4267: 'argument': conversion from 'size_t' to 'GLsizei', possible loss of data
C:\TU_DELFT\Q3_IN4152\SimpleOpenGLGame-master\OpenglGame\ParticleSystem.hpp(10,141): warning C4305: 'initializing': truncation from 'double' to 'float'
C:\TU_DELFT\Q3_IN4152\SimpleOpenGLGame-master\OpenglGame\ParticleSystem.hpp(44,9): warning C4838: conversion from 'double' to 'float' requires a narrowing conversion
C:\TU_DELFT\Q3_IN4152\SimpleOpenGLGame-master\OpenglGame\ParticleSystem.hpp(44,9): warning C4244: 'initializing': conversion from 'double' to 'float', possible loss of data
C:\TU_DELFT\Q3_IN4152\SimpleOpenGLGame-master\OpenglGame\ParticleSystem.hpp(95,1): warning C4305: 'initializing': truncation from 'double' to 'float'
C:\TU_DELFT\Q3_IN4152\SimpleOpenGLGame-master\OpenglGame\ParticleSystem.hpp(97,1): warning C4305: 'initializing': truncation from 'double' to 'float'
C:\TU_DELFT\Q3_IN4152\SimpleOpenGLGame-master\OpenglGame\SceneController.hpp(380,69): warning C4267: 'argument': conversion from 'size_t' to 'GLsizei', possible loss of data
C:\TU_DELFT\Q3_IN4152\SimpleOpenGLGame-master\OpenglGame\SceneController.hpp(585,40): warning C4305: 'argument': truncation from 'double' to 'float'
C:\TU_DELFT\Q3_IN4152\SimpleOpenGLGame-master\OpenglGame\main.cpp(12,41): warning C4305: 'initializing': truncation from 'double' to 'const float'
C:\TU_DELFT\Q3_IN4152\SimpleOpenGLGame-master\OpenglGame\main.cpp(89,32): warning C4244: 'argument': conversion from 'float' to 'GLsizei', possible loss of data
C:\TU_DELFT\Q3_IN4152\SimpleOpenGLGame-master\OpenglGame\main.cpp(89,19): warning C4244: 'argument': conversion from 'float' to 'GLsizei', possible loss of data
C:\TU_DELFT\Q3_IN4152\SimpleOpenGLGame-master\OpenglGame\main.cpp(218,16): warning C4244: '=': conversion from 'int' to 'float', possible loss of data
C:\TU_DELFT\Q3_IN4152\SimpleOpenGLGame-master\OpenglGame\main.cpp(219,17): warning C4244: '=': conversion from 'int' to 'float', possible loss of data
  SOIL.lib(SOIL.obj) : MSIL .netmodule or module compiled with /GL found; restarting link with /LTCG; add /LTCG to the link command line to improve linker performance
LINK : warning LNK4075: ignoring '/INCREMENTAL' due to '/LTCG' specification
LINK : warning LNK4098: defaultlib 'MSVCRT' conflicts with use of other libs; use /NODEFAULTLIB:library
  Generating code
  Finished generating code
SOIL.lib(SOIL.obj) : warning LNK4099: PDB 'SOIL.pdb' was not found with 'SOIL.lib(SOIL.obj)' or at 'C:\TU_DELFT\Q3_IN4152\SimpleOpenGLGame-master\x64\Debug\SOIL.pdb'; linking object as if no debug info
SOIL.lib(stb_image_aug.obj) : warning LNK4099: PDB 'SOIL.pdb' was not found with 'SOIL.lib(stb_image_aug.obj)' or at 'C:\TU_DELFT\Q3_IN4152\SimpleOpenGLGame-master\x64\Debug\SOIL.pdb'; linking object as if no debug info
SOIL.lib(image_helper.obj) : warning LNK4099: PDB 'SOIL.pdb' was not found with 'SOIL.lib(image_helper.obj)' or at 'C:\TU_DELFT\Q3_IN4152\SimpleOpenGLGame-master\x64\Debug\SOIL.pdb'; linking object as if no debug info
SOIL.lib(image_DXT.obj) : warning LNK4099: PDB 'SOIL.pdb' was not found with 'SOIL.lib(image_DXT.obj)' or at 'C:\TU_DELFT\Q3_IN4152\SimpleOpenGLGame-master\x64\Debug\SOIL.pdb'; linking object as if no debug info
  OpenglGame.vcxproj -> C:\TU_DELFT\Q3_IN4152\SimpleOpenGLGame-master\x64\Debug\OpenglGame.exe
